[2017-08-28 22:12:45.989] [WARN] access - GET /
[2017-08-28 22:12:46.343] [WARN] access - GET /themes/default/assets/css/bootstrap.min.css
[2017-08-28 22:12:46.421] [WARN] access - GET /themes/default/assets/css/main.css
[2017-08-28 22:12:46.514] [WARN] access - GET /themes/default/assets/js/jquery-2.2.1.min.js
[2017-08-28 22:12:46.554] [WARN] access - GET /themes/default/assets/js/bootstrap.min.js
[2017-08-28 22:12:46.610] [WARN] access - GET /themes/default/assets/img/logo.png
[2017-08-28 22:13:00.687] [INFO] access - GET /admin
[2017-08-28 22:13:00.782] [WARN] access - GET /assets/admin/main.css
[2017-08-28 22:13:00.867] [INFO] access - GET /assets/admin/views.js
[2017-08-28 22:13:00.874] [INFO] access - GET /assets/admin/main.js
[2017-08-28 22:13:00.919] [INFO] access - GET /assets/admin/vendor.css
[2017-08-28 22:13:01.110] [INFO] access - GET /assets/admin/vendor.js
[2017-08-28 22:13:01.580] [INFO] access - GET /api/install
[2017-08-28 22:13:01.694] [INFO] access - GET /assets/admin/fonts/fontawesome-webfont.woff2?v=4.6.1
[2017-08-28 22:13:01.983] [INFO] access - GET /assets/admin/images/logo-lg.png
[2017-08-28 22:13:10.345] [ERROR] access - PUT /api/account/sign-in
[2017-08-28 22:13:16.157] [ERROR] access - PUT /api/account/sign-in
[2017-08-28 22:13:23.493] [ERROR] access - PUT /api/account/sign-in
[2017-08-28 22:14:32.590] [ERROR] access - PUT /api/account/sign-in
[2017-08-28 22:16:34.356] [ERROR] access - PUT /api/account/sign-in
[2017-08-28 22:16:39.935] [ERROR] access - PUT /api/account/sign-in
[2017-08-28 22:16:45.585] [ERROR] access - PUT /api/account/sign-in
[2017-08-28 22:16:51.022] [ERROR] access - PUT /api/account/sign-in
[2017-08-28 22:16:58.154] [ERROR] access - PUT /api/account/sign-in
[2017-08-28 22:17:03.334] [INFO] access - GET /admin/
[2017-08-28 22:17:03.377] [WARN] access - GET /assets/admin/vendor.css
[2017-08-28 22:17:03.383] [WARN] access - GET /assets/admin/main.css
[2017-08-28 22:17:03.394] [WARN] access - GET /assets/admin/vendor.js
[2017-08-28 22:17:03.412] [WARN] access - GET /assets/admin/main.js
[2017-08-28 22:17:03.422] [WARN] access - GET /assets/admin/views.js
[2017-08-28 22:17:03.888] [WARN] access - GET /api/install
[2017-08-28 22:17:03.928] [WARN] access - GET /assets/admin/images/logo-lg.png
[2017-08-28 22:17:04.008] [WARN] access - GET /assets/admin/fonts/fontawesome-webfont.woff2?v=4.6.1
[2017-08-28 22:17:21.868] [ERROR] access - PUT /api/account/sign-in
[2017-08-28 22:17:30.617] [WARN] access - GET /
[2017-08-28 22:17:30.641] [WARN] access - GET /themes/default/assets/css/bootstrap.min.css
[2017-08-28 22:17:30.653] [WARN] access - GET /themes/default/assets/css/main.css
[2017-08-28 22:17:30.658] [WARN] access - GET /themes/default/assets/js/jquery-2.2.1.min.js
[2017-08-28 22:17:30.662] [WARN] access - GET /themes/default/assets/js/bootstrap.min.js
[2017-08-28 22:17:30.676] [WARN] access - GET /themes/default/assets/img/logo.png
[2017-08-28 22:17:46.917] [INFO] access - PUT /api/account/sign-in
[2017-08-28 22:17:47.227] [INFO] access - PUT /api/statistics
[2017-08-28 22:17:47.371] [INFO] access - GET /api/dashboard
[2017-08-28 22:17:47.422] [INFO] access - GET /api/account
[2017-08-28 22:17:47.501] [INFO] access - GET /assets/admin/images/sponsor/weixin199.jpg
[2017-08-28 22:17:47.503] [INFO] access - GET /assets/admin/images/logo.png
[2017-08-28 22:17:47.602] [INFO] access - GET /assets/admin/images/sponsor/weixin99.jpg
[2017-08-28 22:17:47.616] [INFO] access - GET /api/categories
[2017-08-28 22:17:47.653] [INFO] access - GET /assets/admin/images/sponsor/weixin999.jpg
[2017-08-28 22:17:47.684] [INFO] access - GET /assets/admin/images/sponsor/weixin499.jpg
[2017-08-28 22:17:47.701] [INFO] access - GET /assets/admin/images/sponsor/alipay199.jpg
[2017-08-28 22:17:47.717] [INFO] access - GET /assets/admin/images/sponsor/alipay99.jpg
[2017-08-28 22:17:47.726] [WARN] access - GET /api/account
[2017-08-28 22:17:47.738] [INFO] access - GET /assets/admin/images/sponsor/alipay499.jpg
[2017-08-28 22:17:47.747] [INFO] access - GET /assets/admin/images/sponsor/alipay999.jpg
[2017-08-28 22:17:52.977] [INFO] access - GET /api/site-info
[2017-08-28 22:18:23.517] [WARN] access - GET /api/categories
[2017-08-28 22:18:35.800] [INFO] access - GET /api/roles
[2017-08-28 22:18:53.882] [INFO] access - GET /api/admin-users
[2017-08-28 22:29:35.355] [WARN] access - GET /api/site-info
[2017-08-28 22:29:53.650] [WARN] access - GET /api/categories
[2017-08-28 22:29:55.467] [INFO] access - GET /api/models?type=content
[2017-08-28 22:29:55.490] [INFO] access - GET /api/views
[2017-08-28 22:30:13.067] [WARN] access - GET /api/models?type=content
[2017-08-28 22:33:37.473] [INFO] access - GET /api/models?type=feature
[2017-08-28 22:33:37.491] [INFO] access - GET /api/features
[2017-08-28 22:33:40.720] [INFO] access - GET /api/media?currentPage=1&pageSize=20
[2017-08-28 22:35:47.505] [WARN] access - GET /api/models?type=feature
[2017-08-28 22:35:47.517] [WARN] access - GET /api/features
[2017-08-28 22:36:05.299] [WARN] access - GET /api/models?type=feature
[2017-08-28 22:36:37.222] [INFO] access - GET /api/models?mixed.callname=home-focus-pictures&type=feature
[2017-08-28 22:36:37.581] [INFO] access - POST /api/models
[2017-08-28 22:36:37.631] [WARN] access - GET /api/categories
[2017-08-28 22:36:50.558] [WARN] access - GET /api/models?type=content
[2017-08-28 22:41:19.736] [INFO] access - GET /api/models?type=feature
[2017-08-28 22:41:52.967] [INFO] access - PUT /api/account/sign-out
[2017-08-28 22:41:52.988] [WARN] access - GET /api/install
[2017-08-28 22:41:59.764] [INFO] access - PUT /api/account/sign-in
[2017-08-28 22:41:59.984] [INFO] access - PUT /api/statistics
[2017-08-28 22:42:00.007] [WARN] access - GET /api/dashboard
[2017-08-28 22:42:00.032] [WARN] access - GET /api/account
[2017-08-28 22:42:00.038] [WARN] access - GET /api/categories
[2017-08-28 22:42:00.080] [WARN] access - GET /api/account
[2017-08-28 22:42:07.496] [WARN] access - GET /api/models?type=feature
[2017-08-28 22:42:08.781] [WARN] access - GET /api/models?type=content
[2017-08-28 22:43:38.478] [WARN] access - GET /api/site-info
[2017-08-28 22:43:40.288] [WARN] access - GET /api/models?type=feature
[2017-08-28 22:43:41.043] [WARN] access - GET /api/models?type=content
