[2017-08-26 21:40:38.038] [INFO] access - GET /admin/install
[2017-08-26 21:40:38.187] [INFO] access - GET /assets/admin/main.css
[2017-08-26 21:40:38.199] [INFO] access - GET /assets/admin/vendor.css
[2017-08-26 21:40:38.205] [INFO] access - GET /assets/admin/main.js
[2017-08-26 21:40:38.221] [INFO] access - GET /assets/admin/views.js
[2017-08-26 21:40:38.316] [INFO] access - GET /assets/admin/vendor.js
[2017-08-26 21:40:38.740] [INFO] access - GET /api/install
[2017-08-26 21:40:38.958] [INFO] access - GET /api/install/themes
[2017-08-26 21:40:39.061] [INFO] access - GET /assets/admin/images/logo-lg.png
[2017-08-26 21:40:39.072] [INFO] access - GET /assets/admin/images/sponsor/weixin199.jpg
[2017-08-26 21:40:39.076] [INFO] access - GET /assets/admin/images/sponsor/weixin99.jpg
[2017-08-26 21:40:39.086] [INFO] access - GET /assets/admin/images/sponsor/weixin999.jpg
[2017-08-26 21:40:39.092] [INFO] access - GET /assets/admin/images/sponsor/weixin499.jpg
[2017-08-26 21:40:39.098] [INFO] access - GET /assets/admin/images/sponsor/alipay99.jpg
[2017-08-26 21:40:39.109] [INFO] access - GET /assets/admin/images/sponsor/alipay199.jpg
[2017-08-26 21:40:39.123] [INFO] access - GET /assets/admin/images/sponsor/alipay999.jpg
[2017-08-26 21:40:39.133] [INFO] access - GET /assets/admin/images/sponsor/alipay499.jpg
[2017-08-26 21:41:13.330] [ERROR] access - PUT /api/install/test-database
[2017-08-26 21:41:13.358] [INFO] access - GET /assets/admin/fonts/fontawesome-webfont.woff2?v=4.6.1
[2017-08-26 21:42:23.875] [ERROR] access - PUT /api/install/test-database
[2017-08-26 21:42:24.541] [ERROR] access - PUT /api/install/test-database
[2017-08-26 21:43:56.372] [INFO] access - GET /
[2017-08-26 21:43:56.519] [WARN] access - GET /assets/admin/main.css
[2017-08-26 21:43:56.533] [INFO] access - GET /assets/admin/vendor/custom-bootstrap-3.3.5/css/bootstrap.min.css
[2017-08-26 21:43:56.538] [INFO] access - GET /assets/admin/images/logo-lg-blue.png
[2017-08-26 21:44:03.540] [WARN] access - GET /
[2017-08-26 21:44:03.571] [WARN] access - GET /assets/admin/main.css
[2017-08-26 21:44:03.575] [WARN] access - GET /assets/admin/vendor/custom-bootstrap-3.3.5/css/bootstrap.min.css
[2017-08-26 21:44:03.582] [WARN] access - GET /assets/admin/images/logo-lg-blue.png
