[2017-08-27 21:10:48.778] [INFO] access - GET /
[2017-08-27 21:10:48.852] [INFO] access - GET /themes/default/assets/css/main.css
[2017-08-27 21:10:48.866] [INFO] access - GET /themes/default/assets/css/bootstrap.min.css
[2017-08-27 21:10:48.874] [INFO] access - GET /themes/default/assets/js/bootstrap.min.js
[2017-08-27 21:10:48.889] [INFO] access - GET /themes/default/assets/js/jquery-2.2.1.min.js
[2017-08-27 21:10:48.897] [INFO] access - GET /themes/default/assets/img/logo.png
[2017-08-27 21:11:23.449] [INFO] access - GET /admin
[2017-08-27 21:11:23.523] [WARN] access - GET /assets/admin/vendor.css
[2017-08-27 21:11:23.557] [WARN] access - GET /assets/admin/main.css
[2017-08-27 21:11:23.561] [WARN] access - GET /assets/admin/vendor.js
[2017-08-27 21:11:23.564] [WARN] access - GET /assets/admin/main.js
[2017-08-27 21:11:23.571] [WARN] access - GET /assets/admin/views.js
[2017-08-27 21:11:24.055] [WARN] access - GET /api/install
[2017-08-27 21:11:24.187] [WARN] access - GET /assets/admin/fonts/fontawesome-webfont.woff2?v=4.6.1
[2017-08-27 21:11:24.222] [WARN] access - GET /assets/admin/images/logo-lg.png
[2017-08-27 21:11:46.343] [INFO] access - PUT /api/account/sign-in
[2017-08-27 21:11:46.597] [INFO] access - PUT /api/statistics
[2017-08-27 21:11:46.617] [WARN] access - GET /api/dashboard
[2017-08-27 21:11:46.686] [WARN] access - GET /assets/admin/images/sponsor/weixin99.jpg
[2017-08-27 21:11:46.689] [WARN] access - GET /assets/admin/images/sponsor/weixin199.jpg
[2017-08-27 21:11:46.692] [WARN] access - GET /assets/admin/images/sponsor/weixin499.jpg
[2017-08-27 21:11:46.719] [WARN] access - GET /assets/admin/images/logo.png
[2017-08-27 21:11:46.726] [WARN] access - GET /api/account
[2017-08-27 21:11:46.731] [WARN] access - GET /api/categories
[2017-08-27 21:11:46.971] [WARN] access - GET /assets/admin/images/sponsor/weixin999.jpg
[2017-08-27 21:11:46.977] [WARN] access - GET /assets/admin/images/sponsor/alipay99.jpg
[2017-08-27 21:11:46.981] [WARN] access - GET /assets/admin/images/sponsor/alipay199.jpg
[2017-08-27 21:11:46.984] [WARN] access - GET /assets/admin/images/sponsor/alipay499.jpg
[2017-08-27 21:11:46.987] [WARN] access - GET /assets/admin/images/sponsor/alipay999.jpg
[2017-08-27 21:11:46.995] [WARN] access - GET /api/account
[2017-08-27 21:11:52.361] [WARN] access - GET /api/models?type=feature
[2017-08-27 21:11:52.368] [WARN] access - GET /api/features
[2017-08-27 21:11:59.215] [INFO] access - GET /
[2017-08-27 21:11:59.269] [INFO] access - GET /themes/default/assets/css/bootstrap.min.css
[2017-08-27 21:11:59.326] [INFO] access - GET /themes/default/assets/css/main.css
[2017-08-27 21:11:59.336] [INFO] access - GET /themes/default/assets/js/bootstrap.min.js
[2017-08-27 21:11:59.355] [INFO] access - GET /themes/default/assets/js/jquery-2.2.1.min.js
[2017-08-27 21:11:59.377] [INFO] access - GET /themes/default/assets/img/logo.png
[2017-08-27 21:12:09.307] [INFO] access - GET /api/site-info
[2017-08-27 21:12:14.624] [WARN] access - GET /api/categories
[2017-08-27 21:12:17.434] [INFO] access - GET /api/models?type=content
[2017-08-27 21:12:18.902] [WARN] access - GET /api/models?type=feature
[2017-08-27 21:12:19.752] [INFO] access - GET /api/roles
[2017-08-27 21:12:21.099] [INFO] access - GET /api/admin-users
[2017-08-27 21:12:40.710] [WARN] access - GET /
[2017-08-27 21:12:40.756] [WARN] access - GET /themes/default/assets/css/bootstrap.min.css
[2017-08-27 21:12:40.760] [WARN] access - GET /themes/default/assets/css/main.css
[2017-08-27 21:12:40.763] [WARN] access - GET /themes/default/assets/js/jquery-2.2.1.min.js
[2017-08-27 21:12:40.767] [WARN] access - GET /themes/default/assets/js/bootstrap.min.js
[2017-08-27 21:12:40.780] [WARN] access - GET /themes/default/assets/img/logo.png
