[2017-08-26 22:04:48.694] [INFO] access - GET /
[2017-08-26 22:04:48.801] [INFO] access - GET /assets/admin/main.css
[2017-08-26 22:04:48.808] [INFO] access - GET /assets/admin/vendor/custom-bootstrap-3.3.5/css/bootstrap.min.css
[2017-08-26 22:04:48.818] [INFO] access - GET /assets/admin/images/logo-lg-blue.png
[2017-08-26 22:04:57.049] [WARN] access - GET /admin/install
[2017-08-26 22:04:57.070] [WARN] access - GET /assets/admin/vendor.css
[2017-08-26 22:04:57.074] [WARN] access - GET /assets/admin/main.css
[2017-08-26 22:04:57.081] [WARN] access - GET /assets/admin/vendor.js
[2017-08-26 22:04:57.084] [WARN] access - GET /assets/admin/main.js
[2017-08-26 22:04:57.091] [WARN] access - GET /assets/admin/views.js
[2017-08-26 22:04:57.606] [WARN] access - GET /api/install
[2017-08-26 22:04:57.833] [WARN] access - GET /api/install/themes
[2017-08-26 22:04:57.919] [WARN] access - GET /assets/admin/images/logo-lg.png
[2017-08-26 22:04:57.924] [WARN] access - GET /assets/admin/images/sponsor/weixin99.jpg
[2017-08-26 22:04:57.934] [WARN] access - GET /assets/admin/images/sponsor/weixin199.jpg
[2017-08-26 22:04:57.937] [WARN] access - GET /assets/admin/images/sponsor/weixin499.jpg
[2017-08-26 22:04:57.941] [WARN] access - GET /assets/admin/images/sponsor/weixin999.jpg
[2017-08-26 22:04:57.948] [WARN] access - GET /assets/admin/images/sponsor/alipay99.jpg
[2017-08-26 22:04:57.950] [WARN] access - GET /assets/admin/images/sponsor/alipay199.jpg
[2017-08-26 22:04:57.954] [WARN] access - GET /assets/admin/images/sponsor/alipay499.jpg
[2017-08-26 22:04:57.957] [WARN] access - GET /assets/admin/images/sponsor/alipay999.jpg
[2017-08-26 22:07:20.030] [ERROR] access - PUT /api/install/test-database
[2017-08-26 22:07:20.050] [WARN] access - GET /assets/admin/fonts/fontawesome-webfont.woff2?v=4.6.1
[2017-08-26 22:10:33.736] [WARN] access - GET /admin/install
[2017-08-26 22:10:33.767] [WARN] access - GET /assets/admin/vendor.css
[2017-08-26 22:10:33.770] [WARN] access - GET /assets/admin/main.css
[2017-08-26 22:10:33.772] [WARN] access - GET /assets/admin/vendor.js
[2017-08-26 22:10:33.774] [WARN] access - GET /assets/admin/main.js
[2017-08-26 22:10:33.777] [WARN] access - GET /assets/admin/views.js
[2017-08-26 22:10:34.234] [WARN] access - GET /api/install
[2017-08-26 22:10:34.274] [WARN] access - GET /assets/admin/images/logo-lg.png
[2017-08-26 22:10:34.288] [WARN] access - GET /assets/admin/images/sponsor/weixin99.jpg
[2017-08-26 22:10:34.296] [WARN] access - GET /assets/admin/images/sponsor/weixin499.jpg
[2017-08-26 22:10:34.305] [WARN] access - GET /assets/admin/images/sponsor/weixin999.jpg
[2017-08-26 22:10:34.310] [WARN] access - GET /assets/admin/images/sponsor/weixin199.jpg
[2017-08-26 22:10:34.313] [WARN] access - GET /assets/admin/images/sponsor/alipay99.jpg
[2017-08-26 22:10:34.319] [WARN] access - GET /assets/admin/images/sponsor/alipay199.jpg
[2017-08-26 22:10:34.322] [WARN] access - GET /assets/admin/images/sponsor/alipay499.jpg
[2017-08-26 22:10:34.325] [WARN] access - GET /assets/admin/images/sponsor/alipay999.jpg
[2017-08-26 22:10:34.452] [WARN] access - GET /api/install/themes
[2017-08-26 22:17:24.104] [ERROR] access - PUT /api/install/test-database
[2017-08-26 22:17:24.117] [WARN] access - GET /assets/admin/fonts/fontawesome-webfont.woff2?v=4.6.1
[2017-08-26 22:23:48.247] [WARN] access - GET /admin/install
[2017-08-26 22:23:48.281] [WARN] access - GET /assets/admin/vendor.css
[2017-08-26 22:23:48.285] [WARN] access - GET /assets/admin/main.css
[2017-08-26 22:23:48.289] [WARN] access - GET /assets/admin/vendor.js
[2017-08-26 22:23:48.292] [WARN] access - GET /assets/admin/main.js
[2017-08-26 22:23:48.297] [WARN] access - GET /assets/admin/views.js
[2017-08-26 22:23:48.686] [WARN] access - GET /api/install
[2017-08-26 22:23:48.720] [WARN] access - GET /assets/admin/images/logo-lg.png
[2017-08-26 22:23:48.727] [WARN] access - GET /assets/admin/images/sponsor/weixin99.jpg
[2017-08-26 22:23:48.732] [WARN] access - GET /assets/admin/images/sponsor/alipay99.jpg
[2017-08-26 22:23:48.916] [WARN] access - GET /api/install/themes
[2017-08-26 22:23:48.993] [WARN] access - GET /assets/admin/images/sponsor/weixin199.jpg
[2017-08-26 22:23:48.995] [WARN] access - GET /assets/admin/images/sponsor/weixin499.jpg
[2017-08-26 22:23:48.999] [WARN] access - GET /assets/admin/images/sponsor/weixin999.jpg
[2017-08-26 22:23:49.006] [WARN] access - GET /assets/admin/images/sponsor/alipay199.jpg
[2017-08-26 22:23:49.013] [WARN] access - GET /assets/admin/images/sponsor/alipay499.jpg
[2017-08-26 22:23:49.019] [WARN] access - GET /assets/admin/images/sponsor/alipay999.jpg
[2017-08-26 22:23:54.631] [INFO] access - PUT /api/install/test-database
[2017-08-26 22:24:28.821] [WARN] access - GET /assets/admin/fonts/fontawesome-webfont.woff2?v=4.6.1
[2017-08-26 22:24:30.654] [INFO] access - POST /api/install
[2017-08-26 22:24:39.517] [INFO] access - GET /api/install
[2017-08-26 22:25:44.747] [ERROR] access - PUT /api/account/sign-in
[2017-08-26 22:25:50.857] [INFO] access - PUT /api/account/sign-in
[2017-08-26 22:25:51.198] [INFO] access - PUT /api/statistics
[2017-08-26 22:25:51.340] [INFO] access - GET /api/dashboard
[2017-08-26 22:25:51.361] [INFO] access - GET /api/account
[2017-08-26 22:25:51.379] [INFO] access - GET /assets/admin/images/logo.png
[2017-08-26 22:25:51.435] [INFO] access - GET /api/categories
[2017-08-26 22:25:51.520] [WARN] access - GET /api/account
[2017-08-26 22:25:52.847] [INFO] access - GET /api/models?type=feature
[2017-08-26 22:25:52.857] [INFO] access - GET /api/features
[2017-08-26 22:25:54.942] [WARN] access - GET /api/models?type=feature
[2017-08-26 22:25:54.948] [WARN] access - GET /api/features
[2017-08-26 22:25:56.741] [WARN] access - GET /api/models?type=feature
[2017-08-26 22:25:56.745] [WARN] access - GET /api/features
